<?xml version="1.0" encoding="UTF-8"?>
<!-- Generated by org.testng.reporters.JUnitReportReporter -->
<testsuite hostname="RU1202197827" name="com.example.tests.ContactRemovalTests" tests="1" failures="0" timestamp="9 Jul 2015 09:24:18 GMT" time="22.327" errors="0">
  <testcase name="deleteSomeContact" time="22.327" classname="com.example.tests.ContactRemovalTests"/>
</testsuite> <!-- com.example.tests.ContactRemovalTests -->
