<?xml version="1.0" encoding="UTF-8"?>
<!-- Generated by org.testng.reporters.JUnitReportReporter -->
<testsuite hostname="RU1202197827" name="com.example.tests.GroupRemovalTests" tests="1" failures="0" timestamp="9 Jul 2015 09:15:57 GMT" time="4.205" errors="0">
  <testcase name="deleteSomeGroup" time="4.205" classname="com.example.tests.GroupRemovalTests"/>
</testsuite> <!-- com.example.tests.GroupRemovalTests -->
