<?xml version="1.0" encoding="UTF-8"?>
<!-- Generated by org.testng.reporters.JUnitReportReporter -->
<testsuite hostname="RU1202197827" name="com.example.tests.GroupModificationTests" tests="1" failures="0" timestamp="8 Jul 2015 07:12:45 GMT" time="4.691" errors="0">
  <testcase name="modifySomeGroup" time="4.691" classname="com.example.tests.GroupModificationTests"/>
</testsuite> <!-- com.example.tests.GroupModificationTests -->
