<?xml version="1.0" encoding="UTF-8"?>
<!-- Generated by org.testng.reporters.JUnitReportReporter -->
<testsuite hostname="RU1202197827" name="com.example.tests.GroupCreationTests" tests="6" failures="0" timestamp="8 Jul 2015 07:06:44 GMT" time="28.040" errors="0">
  <testcase name="testGroupCreationValidData" time="4.598" classname="com.example.tests.GroupCreationTests"/>
  <testcase name="testGroupCreationValidData" time="4.485" classname="com.example.tests.GroupCreationTests"/>
  <testcase name="testEmptyGroupCreation" time="4.669" classname="com.example.tests.GroupCreationTests"/>
  <testcase name="testGroupCreationValidData" time="4.734" classname="com.example.tests.GroupCreationTests"/>
  <testcase name="testGroupCreationValidData" time="4.824" classname="com.example.tests.GroupCreationTests"/>
  <testcase name="testGroupCreationValidData" time="4.730" classname="com.example.tests.GroupCreationTests"/>
</testsuite> <!-- com.example.tests.GroupCreationTests -->
